app/build/intermediates/manifest_merge_blame_file/debug/manifest-merger-blame-debug-report.txt
1<?xml version="1.0" encoding="utf-8"?>
2<manifest xmlns:android="http://schemas.android.com/apk/res/android"
3    package="com.example.project"
4    android:versionCode="1"
5    android:versionName="1.0" >
6
7    <uses-sdk
8        android:minSdkVersion="24"
8-->src\main\AndroidManifest.xml
9        android:targetSdkVersion="30" />
9-->src\main\AndroidManifest.xml
10
11    <uses-permission android:name="android.permission.ACCESS_NETWORK_STATE" />
11-->[com.google.firebase:firebase-database:16.0.4] AndroidManifest.xml:22:5-79
11-->[com.google.firebase:firebase-database:16.0.4] AndroidManifest.xml:22:22-76
12    <uses-permission android:name="android.permission.INTERNET" />
12-->[com.google.firebase:firebase-database:16.0.4] AndroidManifest.xml:23:5-67
12-->[com.google.firebase:firebase-database:16.0.4] AndroidManifest.xml:23:22-64
13
14    <application
14-->src\main\AndroidManifest.xml:5:5-74:19
15        android:allowBackup="true"
15-->src\main\AndroidManifest.xml:6:9-35
16        android:appComponentFactory="androidx.core.app.CoreComponentFactory"
16-->[androidx.core:core:1.3.1] AndroidManifest.xml:24:18-86
17        android:debuggable="true"
18        android:extractNativeLibs="false"
19        android:icon="@mipmap/ic_launcher"
19-->src\main\AndroidManifest.xml:7:9-43
20        android:label="@string/app_name"
20-->src\main\AndroidManifest.xml:8:9-41
21        android:roundIcon="@mipmap/ic_launcher_round"
21-->src\main\AndroidManifest.xml:9:9-54
22        android:supportsRtl="true"
22-->src\main\AndroidManifest.xml:10:9-35
23        android:testOnly="true"
24        android:theme="@style/AppTheme" >
24-->src\main\AndroidManifest.xml:11:9-40
25        <activity
25-->src\main\AndroidManifest.xml:12:9-101
26            android:name="com.example.project.deneme2"
26-->src\main\AndroidManifest.xml:12:19-42
27            android:parentActivityName="com.example.project.OwnerAppointment" />
27-->src\main\AndroidManifest.xml:12:43-89
28        <activity
28-->src\main\AndroidManifest.xml:13:9-15:62
29            android:name="com.example.project.deneme1"
29-->src\main\AndroidManifest.xml:14:13-36
30            android:parentActivityName="com.example.project.OwnerAppointment" />
30-->src\main\AndroidManifest.xml:15:13-59
31        <activity
31-->src\main\AndroidManifest.xml:16:9-18:69
32            android:name="com.example.project.customerNewAppointment"
32-->src\main\AndroidManifest.xml:17:13-51
33            android:parentActivityName="com.example.project.Customer_NewAppointment" />
33-->src\main\AndroidManifest.xml:18:13-66
34        <activity
34-->src\main\AndroidManifest.xml:19:9-21:56
35            android:name="com.example.project.Settings_owner"
35-->src\main\AndroidManifest.xml:20:13-43
36            android:parentActivityName="com.example.project.Owner_menu" />
36-->src\main\AndroidManifest.xml:21:13-53
37        <activity
37-->src\main\AndroidManifest.xml:22:9-24:54
38            android:name="com.example.project.EditProfileOwner"
38-->src\main\AndroidManifest.xml:23:13-45
39            android:parentActivityName="com.example.project.Mysaloon" />
39-->src\main\AndroidManifest.xml:24:13-51
40        <activity
40-->src\main\AndroidManifest.xml:25:9-27:67
41            android:name="com.example.project.ownerPrices"
41-->src\main\AndroidManifest.xml:26:13-40
42            android:parentActivityName="com.example.project.Customer_MainActivity" />
42-->src\main\AndroidManifest.xml:27:13-64
43        <activity
43-->src\main\AndroidManifest.xml:28:9-30:67
44            android:name="com.example.project.OwnerAppointment"
44-->src\main\AndroidManifest.xml:29:13-45
45            android:parentActivityName="com.example.project.Customer_MainActivity" />
45-->src\main\AndroidManifest.xml:30:13-64
46        <activity
46-->src\main\AndroidManifest.xml:31:9-33:67
47            android:name="com.example.project.Mysaloon"
47-->src\main\AndroidManifest.xml:32:13-37
48            android:parentActivityName="com.example.project.Customer_MainActivity" />
48-->src\main\AndroidManifest.xml:33:13-64
49        <activity android:name="com.example.project.Owner_menu" />
49-->src\main\AndroidManifest.xml:34:9-48
49-->src\main\AndroidManifest.xml:34:19-45
50        <activity
50-->src\main\AndroidManifest.xml:35:9-37:63
51            android:name="com.example.project.Customer_Editprofile"
51-->src\main\AndroidManifest.xml:36:13-49
52            android:parentActivityName="com.example.project.Settings_customer" />
52-->src\main\AndroidManifest.xml:37:13-60
53        <activity
53-->src\main\AndroidManifest.xml:38:9-40:63
54            android:name="com.example.project.Customer_Changelocation"
54-->src\main\AndroidManifest.xml:39:13-52
55            android:parentActivityName="com.example.project.Settings_customer" />
55-->src\main\AndroidManifest.xml:40:13-60
56        <activity
56-->src\main\AndroidManifest.xml:41:9-43:67
57            android:name="com.example.project.Settings_customer"
57-->src\main\AndroidManifest.xml:42:13-46
58            android:parentActivityName="com.example.project.Customer_MainActivity" />
58-->src\main\AndroidManifest.xml:43:13-64
59        <activity
59-->src\main\AndroidManifest.xml:44:9-46:67
60            android:name="com.example.project.Customer_HairdresserDetails"
60-->src\main\AndroidManifest.xml:45:13-56
61            android:parentActivityName="com.example.project.Customer_PlacesNearMe" />
61-->src\main\AndroidManifest.xml:46:13-64
62        <activity
62-->src\main\AndroidManifest.xml:47:9-49:67
63            android:name="com.example.project.Customer_BarberDetails"
63-->src\main\AndroidManifest.xml:48:13-51
64            android:parentActivityName="com.example.project.Customer_PlacesNearMe" />
64-->src\main\AndroidManifest.xml:49:13-64
65        <activity
65-->src\main\AndroidManifest.xml:50:9-52:67
66            android:name="com.example.project.Customer_PlacesNearMe"
66-->src\main\AndroidManifest.xml:51:13-50
67            android:parentActivityName="com.example.project.Customer_MainActivity" />
67-->src\main\AndroidManifest.xml:52:13-64
68        <activity
68-->src\main\AndroidManifest.xml:53:9-55:67
69            android:name="com.example.project.Customer_NewAppointment"
69-->src\main\AndroidManifest.xml:54:13-52
70            android:parentActivityName="com.example.project.Customer_MainActivity" />
70-->src\main\AndroidManifest.xml:55:13-64
71        <activity
71-->src\main\AndroidManifest.xml:56:9-58:67
72            android:name="com.example.project.Customer_MyAppointments"
72-->src\main\AndroidManifest.xml:57:13-52
73            android:parentActivityName="com.example.project.Customer_MainActivity" />
73-->src\main\AndroidManifest.xml:58:13-64
74        <activity
74-->src\main\AndroidManifest.xml:59:9-61:67
75            android:name="com.example.project.Customer_MyPlaces"
75-->src\main\AndroidManifest.xml:60:13-46
76            android:parentActivityName="com.example.project.Customer_MainActivity" />
76-->src\main\AndroidManifest.xml:61:13-64
77        <activity android:name="com.example.project.owner_saloon" />
77-->src\main\AndroidManifest.xml:62:9-50
77-->src\main\AndroidManifest.xml:62:19-47
78        <activity
78-->src\main\AndroidManifest.xml:63:9-65:58
79            android:name="com.example.project.SignIn"
79-->src\main\AndroidManifest.xml:64:13-35
80            android:parentActivityName="com.example.project.Introduction" />
80-->src\main\AndroidManifest.xml:65:13-55
81        <activity android:name="com.example.project.Customer_MainActivity" />
81-->src\main\AndroidManifest.xml:66:9-59
81-->src\main\AndroidManifest.xml:66:19-56
82        <activity android:name="com.example.project.Introduction" >
82-->src\main\AndroidManifest.xml:67:9-73:20
82-->src\main\AndroidManifest.xml:67:19-47
83            <intent-filter>
83-->src\main\AndroidManifest.xml:68:13-72:29
84                <action android:name="android.intent.action.MAIN" />
84-->src\main\AndroidManifest.xml:69:17-69
84-->src\main\AndroidManifest.xml:69:25-66
85
86                <category android:name="android.intent.category.LAUNCHER" />
86-->src\main\AndroidManifest.xml:71:17-77
86-->src\main\AndroidManifest.xml:71:27-74
87            </intent-filter>
88        </activity>
89        <activity
89-->[com.google.firebase:firebase-auth:16.0.5] AndroidManifest.xml:24:9-31:50
90            android:name="com.google.firebase.auth.internal.FederatedSignInActivity"
90-->[com.google.firebase:firebase-auth:16.0.5] AndroidManifest.xml:25:13-85
91            android:excludeFromRecents="true"
91-->[com.google.firebase:firebase-auth:16.0.5] AndroidManifest.xml:26:13-46
92            android:exported="true"
92-->[com.google.firebase:firebase-auth:16.0.5] AndroidManifest.xml:27:13-36
93            android:launchMode="singleTask"
93-->[com.google.firebase:firebase-auth:16.0.5] AndroidManifest.xml:28:13-44
94            android:permission="com.google.firebase.auth.api.gms.permission.LAUNCH_FEDERATED_SIGN_IN"
94-->[com.google.firebase:firebase-auth:16.0.5] AndroidManifest.xml:29:13-102
95            android:theme="@android:style/Theme.Translucent.NoTitleBar" />
95-->[com.google.firebase:firebase-auth:16.0.5] AndroidManifest.xml:30:13-72
96
97        <service
97-->[com.google.firebase:firebase-auth:16.0.5] AndroidManifest.xml:33:9-39:19
98            android:name="com.google.firebase.components.ComponentDiscoveryService"
98-->[com.google.firebase:firebase-auth:16.0.5] AndroidManifest.xml:34:13-84
99            android:exported="false" >
99-->[com.google.firebase:firebase-auth:16.0.5] AndroidManifest.xml:35:13-37
100            <meta-data
100-->[com.google.firebase:firebase-auth:16.0.5] AndroidManifest.xml:36:13-38:85
101                android:name="com.google.firebase.components:com.google.firebase.auth.FirebaseAuthRegistrar"
101-->[com.google.firebase:firebase-auth:16.0.5] AndroidManifest.xml:37:17-109
102                android:value="com.google.firebase.components.ComponentRegistrar" />
102-->[com.google.firebase:firebase-auth:16.0.5] AndroidManifest.xml:38:17-82
103        </service>
104
105        <activity
105-->[com.google.android.gms:play-services-base:16.0.1] AndroidManifest.xml:23:9-26:75
106            android:name="com.google.android.gms.common.api.GoogleApiActivity"
106-->[com.google.android.gms:play-services-base:16.0.1] AndroidManifest.xml:24:13-79
107            android:exported="false"
107-->[com.google.android.gms:play-services-base:16.0.1] AndroidManifest.xml:25:13-37
108            android:theme="@android:style/Theme.Translucent.NoTitleBar" />
108-->[com.google.android.gms:play-services-base:16.0.1] AndroidManifest.xml:26:13-72
109
110        <provider
110-->[com.google.firebase:firebase-common:16.0.3] AndroidManifest.xml:10:9-14:39
111            android:name="com.google.firebase.provider.FirebaseInitProvider"
111-->[com.google.firebase:firebase-common:16.0.3] AndroidManifest.xml:11:13-77
112            android:authorities="com.example.project.firebaseinitprovider"
112-->[com.google.firebase:firebase-common:16.0.3] AndroidManifest.xml:12:13-72
113            android:exported="false"
113-->[com.google.firebase:firebase-common:16.0.3] AndroidManifest.xml:13:13-37
114            android:initOrder="100" />
114-->[com.google.firebase:firebase-common:16.0.3] AndroidManifest.xml:14:13-36
115
116        <meta-data
116-->[com.google.android.gms:play-services-basement:16.1.0] AndroidManifest.xml:23:9-25:69
117            android:name="com.google.android.gms.version"
117-->[com.google.android.gms:play-services-basement:16.1.0] AndroidManifest.xml:24:13-58
118            android:value="@integer/google_play_services_version" />
118-->[com.google.android.gms:play-services-basement:16.1.0] AndroidManifest.xml:25:13-66
119    </application>
120
121</manifest>